<?xml version="1.0" encoding="UTF-8"?>
<testsuite xmlns:xsi="http://www.w3.org/2001/XMLSchema-instance" xsi:noNamespaceSchemaLocation="https://maven.apache.org/surefire/maven-surefire-plugin/xsd/surefire-test-report-3.0.xsd" version="3.0" name="com.udacity.catpoint.security.AlarmStatusTest" time="0.004" tests="3" errors="0" skipped="0" failures="0">
  <properties>
    <property name="awt.toolkit" value="sun.lwawt.macosx.LWCToolkit"/>
    <property name="jdk.extensions.version" value="14.0.2.0"/>
    <property name="file.encoding.pkg" value="sun.io"/>
    <property name="java.specification.version" value="14"/>
    <property name="sun.jnu.encoding" value="UTF-8"/>
    <property name="java.class.path" value="/Users/shubhamsharma1/Downloads/SecurityProject/catpoint-parent/Security/target/test-classes:/Users/shubhamsharma1/.m2/repository/software/amazon/awssdk/aws-json-protocol/2.15.14/aws-json-protocol-2.15.14.jar:/Users/shubhamsharma1/.m2/repository/com/fasterxml/jackson/core/jackson-core/2.10.4/jackson-core-2.10.4.jar:/Users/shubhamsharma1/.m2/repository/software/amazon/awssdk/protocol-core/2.15.14/protocol-core-2.15.14.jar:/Users/shubhamsharma1/.m2/repository/software/amazon/awssdk/profiles/2.15.14/profiles-2.15.14.jar:/Users/shubhamsharma1/.m2/repository/com/fasterxml/jackson/core/jackson-databind/2.10.4/jackson-databind-2.10.4.jar:/Users/shubhamsharma1/.m2/repository/org/reactivestreams/reactive-streams/1.0.2/reactive-streams-1.0.2.jar:/Users/shubhamsharma1/.m2/repository/software/amazon/eventstream/eventstream/1.0.1/eventstream-1.0.1.jar:/Users/shubhamsharma1/.m2/repository/software/amazon/awssdk/http-client-spi/2.15.14/http-client-spi-2.15.14.jar:/Users/shubhamsharma1/.m2/repository/com/fasterxml/jackson/core/jackson-annotations/2.10.4/jackson-annotations-2.10.4.jar:/Users/shubhamsharma1/.m2/repository/software/amazon/awssdk/annotations/2.15.14/annotations-2.15.14.jar:/Users/shubhamsharma1/.m2/repository/software/amazon/awssdk/utils/2.15.14/utils-2.15.14.jar:/Users/shubhamsharma1/.m2/repository/software/amazon/awssdk/aws-core/2.15.14/aws-core-2.15.14.jar:/Users/shubhamsharma1/.m2/repository/software/amazon/awssdk/metrics-spi/2.15.14/metrics-spi-2.15.14.jar:/Users/shubhamsharma1/.m2/repository/software/amazon/awssdk/apache-client/2.15.14/apache-client-2.15.14.jar:/Users/shubhamsharma1/.m2/repository/org/apache/httpcomponents/httpclient/4.5.9/httpclient-4.5.9.jar:/Users/shubhamsharma1/.m2/repository/commons-logging/commons-logging/1.2/commons-logging-1.2.jar:/Users/shubhamsharma1/.m2/repository/commons-codec/commons-codec/1.11/commons-codec-1.11.jar:/Users/shubhamsharma1/.m2/repository/org/apache/httpcomponents/httpcore/4.4.11/httpcore-4.4.11.jar:/Users/shubhamsharma1/.m2/repository/software/amazon/awssdk/netty-nio-client/2.15.14/netty-nio-client-2.15.14.jar:/Users/shubhamsharma1/.m2/repository/io/netty/netty-codec-http/4.1.46.Final/netty-codec-http-4.1.46.Final.jar:/Users/shubhamsharma1/.m2/repository/io/netty/netty-codec-http2/4.1.46.Final/netty-codec-http2-4.1.46.Final.jar:/Users/shubhamsharma1/.m2/repository/io/netty/netty-codec/4.1.46.Final/netty-codec-4.1.46.Final.jar:/Users/shubhamsharma1/.m2/repository/io/netty/netty-transport/4.1.46.Final/netty-transport-4.1.46.Final.jar:/Users/shubhamsharma1/.m2/repository/io/netty/netty-resolver/4.1.46.Final/netty-resolver-4.1.46.Final.jar:/Users/shubhamsharma1/.m2/repository/io/netty/netty-common/4.1.46.Final/netty-common-4.1.46.Final.jar:/Users/shubhamsharma1/.m2/repository/io/netty/netty-buffer/4.1.46.Final/netty-buffer-4.1.46.Final.jar:/Users/shubhamsharma1/.m2/repository/io/netty/netty-handler/4.1.46.Final/netty-handler-4.1.46.Final.jar:/Users/shubhamsharma1/.m2/repository/io/netty/netty-transport-native-epoll/4.1.46.Final/netty-transport-native-epoll-4.1.46.Final-linux-x86_64.jar:/Users/shubhamsharma1/.m2/repository/io/netty/netty-transport-native-unix-common/4.1.46.Final/netty-transport-native-unix-common-4.1.46.Final.jar:/Users/shubhamsharma1/.m2/repository/com/typesafe/netty/netty-reactive-streams-http/2.0.4/netty-reactive-streams-http-2.0.4.jar:/Users/shubhamsharma1/.m2/repository/com/typesafe/netty/netty-reactive-streams/2.0.4/netty-reactive-streams-2.0.4.jar:/Users/shubhamsharma1/.m2/repository/org/junit/jupiter/junit-jupiter-api/5.6.2/junit-jupiter-api-5.6.2.jar:/Users/shubhamsharma1/.m2/repository/org/apiguardian/apiguardian-api/1.1.0/apiguardian-api-1.1.0.jar:/Users/shubhamsharma1/.m2/repository/org/opentest4j/opentest4j/1.2.0/opentest4j-1.2.0.jar:/Users/shubhamsharma1/.m2/repository/org/junit/platform/junit-platform-commons/1.6.2/junit-platform-commons-1.6.2.jar:/Users/shubhamsharma1/.m2/repository/org/junit/jupiter/junit-jupiter-params/5.6.2/junit-jupiter-params-5.6.2.jar:/Users/shubhamsharma1/.m2/repository/org/mockito/mockito-core/3.3.3/mockito-core-3.3.3.jar:/Users/shubhamsharma1/.m2/repository/net/bytebuddy/byte-buddy/1.10.5/byte-buddy-1.10.5.jar:/Users/shubhamsharma1/.m2/repository/net/bytebuddy/byte-buddy-agent/1.10.5/byte-buddy-agent-1.10.5.jar:/Users/shubhamsharma1/.m2/repository/org/objenesis/objenesis/2.6/objenesis-2.6.jar:/Users/shubhamsharma1/.m2/repository/org/mockito/mockito-junit-jupiter/3.3.3/mockito-junit-jupiter-3.3.3.jar:/Users/shubhamsharma1/.m2/repository/com/miglayout/miglayout-core/5.1/miglayout-core-5.1.jar:"/>
    <property name="java.vm.vendor" value="Eclipse OpenJ9"/>
    <property name="sun.arch.data.model" value="64"/>
    <property name="com.ibm.vm.bitmode" value="64"/>
    <property name="sun.font.fontmanager" value="sun.font.CFontManager"/>
    <property name="user.variant" value=""/>
    <property name="com.ibm.oti.vm.library.version" value="29"/>
    <property name="java.vendor.url" value="https://adoptopenjdk.net/"/>
    <property name="user.timezone" value=""/>
    <property name="os.name" value="Mac OS X"/>
    <property name="java.vm.specification.version" value="14"/>
    <property name="sun.java.launcher" value="SUN_STANDARD"/>
    <property name="user.country" value="GB"/>
    <property name="sun.boot.library.path" value="/Users/shubhamsharma1/.sdkman/candidates/java/14.0.2.j9-adpt/lib/compressedrefs:/Users/shubhamsharma1/.sdkman/candidates/java/14.0.2.j9-adpt/lib"/>
    <property name="sun.java.command" value="org.apache.maven.surefire.booter.ForkedBooter /Users/shubhamsharma1/Downloads/SecurityProject/catpoint-parent/Security/target/surefire 2020-12-29T22-36-46_969-jvmRun1 surefire16576728891148101599tmp surefire_03018691039433551531tmp"/>
    <property name="surefire.test.class.path" value="/Users/shubhamsharma1/Downloads/SecurityProject/catpoint-parent/Security/target/test-classes:/Users/shubhamsharma1/.m2/repository/software/amazon/awssdk/aws-json-protocol/2.15.14/aws-json-protocol-2.15.14.jar:/Users/shubhamsharma1/.m2/repository/com/fasterxml/jackson/core/jackson-core/2.10.4/jackson-core-2.10.4.jar:/Users/shubhamsharma1/.m2/repository/software/amazon/awssdk/protocol-core/2.15.14/protocol-core-2.15.14.jar:/Users/shubhamsharma1/.m2/repository/software/amazon/awssdk/profiles/2.15.14/profiles-2.15.14.jar:/Users/shubhamsharma1/.m2/repository/com/fasterxml/jackson/core/jackson-databind/2.10.4/jackson-databind-2.10.4.jar:/Users/shubhamsharma1/.m2/repository/org/reactivestreams/reactive-streams/1.0.2/reactive-streams-1.0.2.jar:/Users/shubhamsharma1/.m2/repository/software/amazon/eventstream/eventstream/1.0.1/eventstream-1.0.1.jar:/Users/shubhamsharma1/.m2/repository/software/amazon/awssdk/http-client-spi/2.15.14/http-client-spi-2.15.14.jar:/Users/shubhamsharma1/.m2/repository/com/fasterxml/jackson/core/jackson-annotations/2.10.4/jackson-annotations-2.10.4.jar:/Users/shubhamsharma1/.m2/repository/software/amazon/awssdk/annotations/2.15.14/annotations-2.15.14.jar:/Users/shubhamsharma1/.m2/repository/software/amazon/awssdk/utils/2.15.14/utils-2.15.14.jar:/Users/shubhamsharma1/.m2/repository/software/amazon/awssdk/aws-core/2.15.14/aws-core-2.15.14.jar:/Users/shubhamsharma1/.m2/repository/software/amazon/awssdk/metrics-spi/2.15.14/metrics-spi-2.15.14.jar:/Users/shubhamsharma1/.m2/repository/software/amazon/awssdk/apache-client/2.15.14/apache-client-2.15.14.jar:/Users/shubhamsharma1/.m2/repository/org/apache/httpcomponents/httpclient/4.5.9/httpclient-4.5.9.jar:/Users/shubhamsharma1/.m2/repository/commons-logging/commons-logging/1.2/commons-logging-1.2.jar:/Users/shubhamsharma1/.m2/repository/commons-codec/commons-codec/1.11/commons-codec-1.11.jar:/Users/shubhamsharma1/.m2/repository/org/apache/httpcomponents/httpcore/4.4.11/httpcore-4.4.11.jar:/Users/shubhamsharma1/.m2/repository/software/amazon/awssdk/netty-nio-client/2.15.14/netty-nio-client-2.15.14.jar:/Users/shubhamsharma1/.m2/repository/io/netty/netty-codec-http/4.1.46.Final/netty-codec-http-4.1.46.Final.jar:/Users/shubhamsharma1/.m2/repository/io/netty/netty-codec-http2/4.1.46.Final/netty-codec-http2-4.1.46.Final.jar:/Users/shubhamsharma1/.m2/repository/io/netty/netty-codec/4.1.46.Final/netty-codec-4.1.46.Final.jar:/Users/shubhamsharma1/.m2/repository/io/netty/netty-transport/4.1.46.Final/netty-transport-4.1.46.Final.jar:/Users/shubhamsharma1/.m2/repository/io/netty/netty-resolver/4.1.46.Final/netty-resolver-4.1.46.Final.jar:/Users/shubhamsharma1/.m2/repository/io/netty/netty-common/4.1.46.Final/netty-common-4.1.46.Final.jar:/Users/shubhamsharma1/.m2/repository/io/netty/netty-buffer/4.1.46.Final/netty-buffer-4.1.46.Final.jar:/Users/shubhamsharma1/.m2/repository/io/netty/netty-handler/4.1.46.Final/netty-handler-4.1.46.Final.jar:/Users/shubhamsharma1/.m2/repository/io/netty/netty-transport-native-epoll/4.1.46.Final/netty-transport-native-epoll-4.1.46.Final-linux-x86_64.jar:/Users/shubhamsharma1/.m2/repository/io/netty/netty-transport-native-unix-common/4.1.46.Final/netty-transport-native-unix-common-4.1.46.Final.jar:/Users/shubhamsharma1/.m2/repository/com/typesafe/netty/netty-reactive-streams-http/2.0.4/netty-reactive-streams-http-2.0.4.jar:/Users/shubhamsharma1/.m2/repository/com/typesafe/netty/netty-reactive-streams/2.0.4/netty-reactive-streams-2.0.4.jar:/Users/shubhamsharma1/.m2/repository/org/junit/jupiter/junit-jupiter-api/5.6.2/junit-jupiter-api-5.6.2.jar:/Users/shubhamsharma1/.m2/repository/org/apiguardian/apiguardian-api/1.1.0/apiguardian-api-1.1.0.jar:/Users/shubhamsharma1/.m2/repository/org/opentest4j/opentest4j/1.2.0/opentest4j-1.2.0.jar:/Users/shubhamsharma1/.m2/repository/org/junit/platform/junit-platform-commons/1.6.2/junit-platform-commons-1.6.2.jar:/Users/shubhamsharma1/.m2/repository/org/junit/jupiter/junit-jupiter-params/5.6.2/junit-jupiter-params-5.6.2.jar:/Users/shubhamsharma1/.m2/repository/org/mockito/mockito-core/3.3.3/mockito-core-3.3.3.jar:/Users/shubhamsharma1/.m2/repository/net/bytebuddy/byte-buddy/1.10.5/byte-buddy-1.10.5.jar:/Users/shubhamsharma1/.m2/repository/net/bytebuddy/byte-buddy-agent/1.10.5/byte-buddy-agent-1.10.5.jar:/Users/shubhamsharma1/.m2/repository/org/objenesis/objenesis/2.6/objenesis-2.6.jar:/Users/shubhamsharma1/.m2/repository/org/mockito/mockito-junit-jupiter/3.3.3/mockito-junit-jupiter-3.3.3.jar:/Users/shubhamsharma1/.m2/repository/com/miglayout/miglayout-core/5.1/miglayout-core-5.1.jar:"/>
    <property name="sun.cpu.endian" value="little"/>
    <property name="user.home" value="/Users/shubhamsharma1"/>
    <property name="user.language" value="en"/>
    <property name="java.specification.vendor" value="Oracle Corporation"/>
    <property name="jdk.module.path" value="/Users/shubhamsharma1/Downloads/SecurityProject/catpoint-parent/Security/target/classes:/Users/shubhamsharma1/.m2/repository/com/google/code/gson/gson/2.8.5/gson-2.8.5.jar:/Users/shubhamsharma1/.m2/repository/com/google/guava/guava/13.0-rc1/guava-13.0-rc1.jar:/Users/shubhamsharma1/Downloads/SecurityProject/catpoint-parent/ImageProcessor/target/ImageProcessor-1.0-SNAPSHOT.jar:/Users/shubhamsharma1/.m2/repository/software/amazon/awssdk/rekognition/2.15.14/rekognition-2.15.14.jar:/Users/shubhamsharma1/.m2/repository/software/amazon/awssdk/sdk-core/2.15.14/sdk-core-2.15.14.jar:/Users/shubhamsharma1/.m2/repository/org/slf4j/slf4j-api/1.7.28/slf4j-api-1.7.28.jar:/Users/shubhamsharma1/.m2/repository/software/amazon/awssdk/auth/2.15.14/auth-2.15.14.jar:/Users/shubhamsharma1/.m2/repository/software/amazon/awssdk/regions/2.15.14/regions-2.15.14.jar:/Users/shubhamsharma1/.m2/repository/com/miglayout/miglayout-swing/5.1/miglayout-swing-5.1.jar"/>
    <property name="java.version.date" value="2020-07-14"/>
    <property name="java.home" value="/Users/shubhamsharma1/.sdkman/candidates/java/14.0.2.j9-adpt"/>
    <property name="ibm.signalhandling.rs" value="false"/>
    <property name="file.separator" value="/"/>
    <property name="jdk.extensions.name" value="Extensions for OpenJDK for Eclipse OpenJ9"/>
    <property name="basedir" value="/Users/shubhamsharma1/Downloads/SecurityProject/catpoint-parent/Security"/>
    <property name="line.separator" value="&#10;"/>
    <property name="java.vm.specification.vendor" value="Oracle Corporation"/>
    <property name="java.specification.name" value="Java Platform API Specification"/>
    <property name="java.compiler" value="j9jit29"/>
    <property name="com.ibm.util.extralibs.properties" value=""/>
    <property name="java.awt.graphicsenv" value="sun.awt.CGraphicsEnvironment"/>
    <property name="com.ibm.oti.configuration" value="scar"/>
    <property name="surefire.real.class.path" value="/Users/shubhamsharma1/.m2/repository/org/apache/maven/surefire/surefire-booter/3.0.0-M5/surefire-booter-3.0.0-M5.jar:/Users/shubhamsharma1/.m2/repository/org/apache/maven/surefire/surefire-api/3.0.0-M5/surefire-api-3.0.0-M5.jar:/Users/shubhamsharma1/.m2/repository/org/apache/maven/surefire/surefire-logger-api/3.0.0-M5/surefire-logger-api-3.0.0-M5.jar:/Users/shubhamsharma1/.m2/repository/org/apache/maven/surefire/surefire-shared-utils/3.0.0-M4/surefire-shared-utils-3.0.0-M4.jar:/Users/shubhamsharma1/.m2/repository/org/apache/maven/surefire/surefire-extensions-spi/3.0.0-M5/surefire-extensions-spi-3.0.0-M5.jar:/Users/shubhamsharma1/Downloads/SecurityProject/catpoint-parent/Security/target/test-classes:/Users/shubhamsharma1/.m2/repository/software/amazon/awssdk/aws-json-protocol/2.15.14/aws-json-protocol-2.15.14.jar:/Users/shubhamsharma1/.m2/repository/com/fasterxml/jackson/core/jackson-core/2.10.4/jackson-core-2.10.4.jar:/Users/shubhamsharma1/.m2/repository/software/amazon/awssdk/protocol-core/2.15.14/protocol-core-2.15.14.jar:/Users/shubhamsharma1/.m2/repository/software/amazon/awssdk/profiles/2.15.14/profiles-2.15.14.jar:/Users/shubhamsharma1/.m2/repository/com/fasterxml/jackson/core/jackson-databind/2.10.4/jackson-databind-2.10.4.jar:/Users/shubhamsharma1/.m2/repository/org/reactivestreams/reactive-streams/1.0.2/reactive-streams-1.0.2.jar:/Users/shubhamsharma1/.m2/repository/software/amazon/eventstream/eventstream/1.0.1/eventstream-1.0.1.jar:/Users/shubhamsharma1/.m2/repository/software/amazon/awssdk/http-client-spi/2.15.14/http-client-spi-2.15.14.jar:/Users/shubhamsharma1/.m2/repository/com/fasterxml/jackson/core/jackson-annotations/2.10.4/jackson-annotations-2.10.4.jar:/Users/shubhamsharma1/.m2/repository/software/amazon/awssdk/annotations/2.15.14/annotations-2.15.14.jar:/Users/shubhamsharma1/.m2/repository/software/amazon/awssdk/utils/2.15.14/utils-2.15.14.jar:/Users/shubhamsharma1/.m2/repository/software/amazon/awssdk/aws-core/2.15.14/aws-core-2.15.14.jar:/Users/shubhamsharma1/.m2/repository/software/amazon/awssdk/metrics-spi/2.15.14/metrics-spi-2.15.14.jar:/Users/shubhamsharma1/.m2/repository/software/amazon/awssdk/apache-client/2.15.14/apache-client-2.15.14.jar:/Users/shubhamsharma1/.m2/repository/org/apache/httpcomponents/httpclient/4.5.9/httpclient-4.5.9.jar:/Users/shubhamsharma1/.m2/repository/commons-logging/commons-logging/1.2/commons-logging-1.2.jar:/Users/shubhamsharma1/.m2/repository/commons-codec/commons-codec/1.11/commons-codec-1.11.jar:/Users/shubhamsharma1/.m2/repository/org/apache/httpcomponents/httpcore/4.4.11/httpcore-4.4.11.jar:/Users/shubhamsharma1/.m2/repository/software/amazon/awssdk/netty-nio-client/2.15.14/netty-nio-client-2.15.14.jar:/Users/shubhamsharma1/.m2/repository/io/netty/netty-codec-http/4.1.46.Final/netty-codec-http-4.1.46.Final.jar:/Users/shubhamsharma1/.m2/repository/io/netty/netty-codec-http2/4.1.46.Final/netty-codec-http2-4.1.46.Final.jar:/Users/shubhamsharma1/.m2/repository/io/netty/netty-codec/4.1.46.Final/netty-codec-4.1.46.Final.jar:/Users/shubhamsharma1/.m2/repository/io/netty/netty-transport/4.1.46.Final/netty-transport-4.1.46.Final.jar:/Users/shubhamsharma1/.m2/repository/io/netty/netty-resolver/4.1.46.Final/netty-resolver-4.1.46.Final.jar:/Users/shubhamsharma1/.m2/repository/io/netty/netty-common/4.1.46.Final/netty-common-4.1.46.Final.jar:/Users/shubhamsharma1/.m2/repository/io/netty/netty-buffer/4.1.46.Final/netty-buffer-4.1.46.Final.jar:/Users/shubhamsharma1/.m2/repository/io/netty/netty-handler/4.1.46.Final/netty-handler-4.1.46.Final.jar:/Users/shubhamsharma1/.m2/repository/io/netty/netty-transport-native-epoll/4.1.46.Final/netty-transport-native-epoll-4.1.46.Final-linux-x86_64.jar:/Users/shubhamsharma1/.m2/repository/io/netty/netty-transport-native-unix-common/4.1.46.Final/netty-transport-native-unix-common-4.1.46.Final.jar:/Users/shubhamsharma1/.m2/repository/com/typesafe/netty/netty-reactive-streams-http/2.0.4/netty-reactive-streams-http-2.0.4.jar:/Users/shubhamsharma1/.m2/repository/com/typesafe/netty/netty-reactive-streams/2.0.4/netty-reactive-streams-2.0.4.jar:/Users/shubhamsharma1/.m2/repository/org/junit/jupiter/junit-jupiter-api/5.6.2/junit-jupiter-api-5.6.2.jar:/Users/shubhamsharma1/.m2/repository/org/apiguardian/apiguardian-api/1.1.0/apiguardian-api-1.1.0.jar:/Users/shubhamsharma1/.m2/repository/org/opentest4j/opentest4j/1.2.0/opentest4j-1.2.0.jar:/Users/shubhamsharma1/.m2/repository/org/junit/platform/junit-platform-commons/1.6.2/junit-platform-commons-1.6.2.jar:/Users/shubhamsharma1/.m2/repository/org/junit/jupiter/junit-jupiter-params/5.6.2/junit-jupiter-params-5.6.2.jar:/Users/shubhamsharma1/.m2/repository/org/mockito/mockito-core/3.3.3/mockito-core-3.3.3.jar:/Users/shubhamsharma1/.m2/repository/net/bytebuddy/byte-buddy/1.10.5/byte-buddy-1.10.5.jar:/Users/shubhamsharma1/.m2/repository/net/bytebuddy/byte-buddy-agent/1.10.5/byte-buddy-agent-1.10.5.jar:/Users/shubhamsharma1/.m2/repository/org/objenesis/objenesis/2.6/objenesis-2.6.jar:/Users/shubhamsharma1/.m2/repository/org/mockito/mockito-junit-jupiter/3.3.3/mockito-junit-jupiter-3.3.3.jar:/Users/shubhamsharma1/.m2/repository/com/miglayout/miglayout-core/5.1/miglayout-core-5.1.jar:/Users/shubhamsharma1/.m2/repository/org/apache/maven/surefire/surefire-junit-platform/3.0.0-M5/surefire-junit-platform-3.0.0-M5.jar:/Users/shubhamsharma1/.m2/repository/org/apache/maven/surefire/common-java5/3.0.0-M5/common-java5-3.0.0-M5.jar:/Users/shubhamsharma1/.m2/repository/org/junit/platform/junit-platform-launcher/1.6.2/junit-platform-launcher-1.6.2.jar:/Users/shubhamsharma1/.m2/repository/org/junit/platform/junit-platform-engine/1.6.2/junit-platform-engine-1.6.2.jar:/Users/shubhamsharma1/.m2/repository/org/junit/jupiter/junit-jupiter-engine/5.6.2/junit-jupiter-engine-5.6.2.jar"/>
    <property name="com.ibm.oti.shared.enabled" value="false"/>
    <property name="jdk.boot.class.path.append" value=""/>
    <property name="com.ibm.oti.vm.bootstrap.library.path" value="/Users/shubhamsharma1/.sdkman/candidates/java/14.0.2.j9-adpt/lib/compressedrefs:/Users/shubhamsharma1/.sdkman/candidates/java/14.0.2.j9-adpt/lib"/>
    <property name="com.ibm.cpu.endian" value="little"/>
    <property name="java.fullversion" value="14.0.2+12&#10;JRE 14 Mac OS X amd64-64-Bit Compressed References 20200715_143 (JIT enabled, AOT enabled)&#10;OpenJ9   - 34cf4c075&#10;OMR      - 113e54219&#10;JCL      - 1d231bd6a2 based on jdk-14.0.2+12"/>
    <property name="java.runtime.version" value="14.0.2+12"/>
    <property name="user.name" value="shubhamsharma1"/>
    <property name="path.separator" value=":"/>
    <property name="os.version" value="10.16"/>
    <property name="java.runtime.name" value="OpenJDK Runtime Environment"/>
    <property name="ibm.signalhandling.sigint" value="true"/>
    <property name="file.encoding" value="UTF-8"/>
    <property name="java.vm.name" value="Eclipse OpenJ9 VM"/>
    <property name="java.vendor.version" value="AdoptOpenJDK"/>
    <property name="ibm.signalhandling.sigchain" value="true"/>
    <property name="localRepository" value="/Users/shubhamsharma1/.m2/repository"/>
    <property name="java.vendor.url.bug" value="https://github.com/AdoptOpenJDK/openjdk-support/issues"/>
    <property name="java.io.tmpdir" value="/var/folders/mq/nhr_5qdn17g4t1kphpsl27980000gp/T/"/>
    <property name="java.version" value="14.0.2"/>
    <property name="com.ibm.system.agent.path" value="/Users/shubhamsharma1/.sdkman/candidates/java/14.0.2.j9-adpt/lib"/>
    <property name="user.dir" value="/Users/shubhamsharma1/Downloads/SecurityProject/catpoint-parent/Security"/>
    <property name="os.arch" value="x86_64"/>
    <property name="java.vm.specification.name" value="Java Virtual Machine Specification"/>
    <property name="java.awt.printerjob" value="sun.lwawt.macosx.CPrinterJob"/>
    <property name="sun.nio.PageAlignDirectMemory" value="false"/>
    <property name="os.encoding" value="UTF-8"/>
    <property name="java.library.path" value="/Users/shubhamsharma1/.sdkman/candidates/java/14.0.2.j9-adpt/lib/compressedrefs:/Users/shubhamsharma1/.sdkman/candidates/java/14.0.2.j9-adpt/lib:/usr/lib"/>
    <property name="java.vendor" value="AdoptOpenJDK"/>
    <property name="java.vm.info" value="JRE 14 Mac OS X amd64-64-Bit Compressed References 20200715_143 (JIT enabled, AOT enabled)&#10;OpenJ9   - 34cf4c075&#10;OMR      - 113e54219&#10;JCL      - 1d231bd6a2 based on jdk-14.0.2+12"/>
    <property name="sun.nio.MaxDirectMemorySize" value="3758096384"/>
    <property name="java.vm.version" value="openj9-0.21.0"/>
    <property name="com.ibm.jcl.checkClassPath" value=""/>
    <property name="ibm.system.encoding" value="UTF-8"/>
    <property name="sun.io.unicode.encoding" value="UnicodeLittle"/>
    <property name="java.class.version" value="58.0"/>
  </properties>
  <testcase name="alarmStatusCheck(AlarmStatus)[1]" classname="com.udacity.catpoint.security.AlarmStatusTest" time="0.001"/>
  <testcase name="alarmStatusCheck(AlarmStatus)[2]" classname="com.udacity.catpoint.security.AlarmStatusTest" time="0.001"/>
  <testcase name="alarmStatusCheck(AlarmStatus)[3]" classname="com.udacity.catpoint.security.AlarmStatusTest" time="0"/>
</testsuite>